## Pinned Go version dependency update

### github.com/aws/aws-sdk-go

### github.com/onsi/ginkgo

### github.com/onsi/gomega

<details><summary>go get github.com/onsi/gomega@latest</summary>
```
go get github.com/onsi/gomega@latest
go: downloading github.com/onsi/gomega v1.37.0
go: downloading github.com/google/go-cmp v0.7.0
go: downloading golang.org/x/net v0.37.0
go: downloading golang.org/x/text v0.23.0
go: downloading github.com/go-logr/logr v1.4.2
go: downloading github.com/google/pprof v0.0.0-20241210010833-40e02aabc2ad
go: downloading github.com/onsi/ginkgo/v2 v2.23.3
go: downloading golang.org/x/sys v0.31.0
go: downloading golang.org/x/tools v0.30.0
go: downloading google.golang.org/protobuf v1.36.5
go: upgraded go 1.23 => 1.23.0
go: added toolchain go1.23.8
go: upgraded github.com/google/go-cmp v0.6.0 => v0.7.0
go: upgraded github.com/onsi/gomega v1.34.1 => v1.37.0
go: upgraded golang.org/x/net v0.33.0 => v0.37.0
go: upgraded golang.org/x/sys v0.28.0 => v0.31.0
go: upgraded golang.org/x/text v0.21.0 => v0.23.0
[31mupgrade changes required Go version, reverting go.mod[0m
```
</details>

### github.com/sirupsen/logrus

### go.uber.org/zap

### github.com/go-chi/chi/v5

## Summary

|Module|Action|Min Go|Before|After|
|---|---|---|---|---|
github.com/aws/aws-sdk-go|upgraded|1.23|v1.55.6|v1.55.7
github.com/onsi/ginkgo|no action|1.23|v1.16.5|v1.16.5
github.com/onsi/gomega|skipped|1.23.0|v1.34.1|v1.37.0
github.com/sirupsen/logrus|no action|1.23|v1.9.3|v1.9.3
go.uber.org/zap|no action|1.23|v1.27.0|v1.27.0
github.com/go-chi/chi/v5|no action|1.23|v5.2.1|v5.2.1
:pretzel: *Created with [gobump](https://github.com/lzap/gobump) (HEAD)* :pretzel:
